0 info it worked if it ends with ok
1 verbose cli [ '/Users/oana/.nvm/versions/node/v4.3.1/bin/node',
1 verbose cli   '/Users/oana/.nvm/versions/node/v4.3.1/bin/npm',
1 verbose cli   'start' ]
2 info using npm@2.14.12
3 info using node@v4.3.1
4 verbose run-script [ 'prestart', 'start', 'poststart' ]
5 info prestart server@1.0.0
6 info start server@1.0.0
7 verbose unsafe-perm in lifecycle true
8 info server@1.0.0 Failed to exec start script
9 verbose stack Error: server@1.0.0 start: `nodemon index.js`
9 verbose stack Exit status 1
9 verbose stack     at EventEmitter.<anonymous> (/Users/oana/.nvm/versions/node/v4.3.1/lib/node_modules/npm/lib/utils/lifecycle.js:214:16)
9 verbose stack     at emitTwo (events.js:87:13)
9 verbose stack     at EventEmitter.emit (events.js:172:7)
9 verbose stack     at ChildProcess.<anonymous> (/Users/oana/.nvm/versions/node/v4.3.1/lib/node_modules/npm/lib/utils/spawn.js:24:14)
9 verbose stack     at emitTwo (events.js:87:13)
9 verbose stack     at ChildProcess.emit (events.js:172:7)
9 verbose stack     at maybeClose (internal/child_process.js:821:16)
9 verbose stack     at Process.ChildProcess._handle.onexit (internal/child_process.js:211:5)
10 verbose pkgid server@1.0.0
11 verbose cwd /Users/oana/Desktop/sw-sprint-redux/server
12 error Darwin 19.6.0
13 error argv "/Users/oana/.nvm/versions/node/v4.3.1/bin/node" "/Users/oana/.nvm/versions/node/v4.3.1/bin/npm" "start"
14 error node v4.3.1
15 error npm  v2.14.12
16 error code ELIFECYCLE
17 error server@1.0.0 start: `nodemon index.js`
17 error Exit status 1
18 error Failed at the server@1.0.0 start script 'nodemon index.js'.
18 error This is most likely a problem with the server package,
18 error not with npm itself.
18 error Tell the author that this fails on your system:
18 error     nodemon index.js
18 error You can get their info via:
18 error     npm owner ls server
18 error There is likely additional logging output above.
19 verbose exit [ 1, true ]
